<?xml version="1.0" encoding="UTF-8"?>
<testng-results ignored="0" total="2" passed="2" failed="0" skipped="0">
  <reporter-output>
  </reporter-output>
  <suite started-at="2023-05-17T12:33:22 IST" name="Suite" finished-at="2023-05-17T12:33:59 IST" duration-ms="37068">
    <groups>
    </groups>
    <test started-at="2023-05-17T12:33:22 IST" name="Test" finished-at="2023-05-17T12:33:53 IST" duration-ms="30857">
      <class name="com.mohs10.scripts.HomeTest">
        <test-method is-config="true" signature="generateReport()[pri:0, instance:com.mohs10.scripts.HomeTest@74f0ea28]" started-at="2023-05-17T12:33:22 IST" name="generateReport" finished-at="2023-05-17T12:33:22 IST" duration-ms="330" status="PASS">
          <reporter-output>
          </reporter-output>
        </test-method> <!-- generateReport -->
        <test-method is-config="true" signature="beforeClass()[pri:0, instance:com.mohs10.scripts.HomeTest@74f0ea28]" started-at="2023-05-17T12:33:22 IST" name="beforeClass" finished-at="2023-05-17T12:33:27 IST" duration-ms="4682" status="PASS">
          <reporter-output>
          </reporter-output>
        </test-method> <!-- beforeClass -->
        <test-method is-config="true" signature="methodName(java.lang.reflect.Method)[pri:0, instance:com.mohs10.scripts.HomeTest@74f0ea28]" started-at="2023-05-17T12:33:27 IST" name="methodName" finished-at="2023-05-17T12:33:27 IST" duration-ms="6" status="PASS">
          <params>
            <param index="0">
              <value>
                <![CDATA[public void com.mohs10.scripts.HomeTest.LoginTestCase3() throws java.lang.Exception]]>
              </value>
            </param>
          </params>
          <reporter-output>
          </reporter-output>
        </test-method> <!-- methodName -->
        <test-method signature="LoginTestCase3()[pri:0, instance:com.mohs10.scripts.HomeTest@74f0ea28]" started-at="2023-05-17T12:33:27 IST" name="LoginTestCase3" finished-at="2023-05-17T12:33:51 IST" duration-ms="23878" status="PASS">
          <reporter-output>
          </reporter-output>
        </test-method> <!-- LoginTestCase3 -->
        <test-method is-config="true" signature="afterClass()[pri:0, instance:com.mohs10.scripts.HomeTest@74f0ea28]" started-at="2023-05-17T12:33:51 IST" name="afterClass" finished-at="2023-05-17T12:33:53 IST" duration-ms="1906" status="PASS">
          <reporter-output>
          </reporter-output>
        </test-method> <!-- afterClass -->
      </class> <!-- com.mohs10.scripts.HomeTest -->
    </test> <!-- Test -->
    <test started-at="2023-05-17T12:33:53 IST" name="PDFReport" finished-at="2023-05-17T12:33:59 IST" duration-ms="6181">
      <class name="com.mohs10.Report.PDFReportTest">
        <test-method is-config="true" signature="generateReport()[pri:0, instance:com.mohs10.Report.PDFReportTest@c730b35]" started-at="2023-05-17T12:33:53 IST" name="generateReport" finished-at="2023-05-17T12:33:53 IST" duration-ms="0" status="PASS">
          <reporter-output>
          </reporter-output>
        </test-method> <!-- generateReport -->
        <test-method is-config="true" signature="beforeClass()[pri:0, instance:com.mohs10.Report.PDFReportTest@c730b35]" started-at="2023-05-17T12:33:53 IST" name="beforeClass" finished-at="2023-05-17T12:33:56 IST" duration-ms="3321" status="PASS">
          <reporter-output>
          </reporter-output>
        </test-method> <!-- beforeClass -->
        <test-method is-config="true" signature="methodName(java.lang.reflect.Method)[pri:0, instance:com.mohs10.Report.PDFReportTest@c730b35]" started-at="2023-05-17T12:33:56 IST" name="methodName" finished-at="2023-05-17T12:33:56 IST" duration-ms="0" status="PASS">
          <params>
            <param index="0">
              <value>
                <![CDATA[public void com.mohs10.Report.PDFReportTest.PDFreports() throws java.io.IOException,java.lang.InterruptedException]]>
              </value>
            </param>
          </params>
          <reporter-output>
          </reporter-output>
        </test-method> <!-- methodName -->
        <test-method signature="PDFreports()[pri:0, instance:com.mohs10.Report.PDFReportTest@c730b35]" started-at="2023-05-17T12:33:56 IST" name="PDFreports" finished-at="2023-05-17T12:33:59 IST" duration-ms="2703" status="PASS">
          <reporter-output>
          </reporter-output>
        </test-method> <!-- PDFreports -->
        <test-method is-config="true" signature="afterClass()[pri:0, instance:com.mohs10.Report.PDFReportTest@c730b35]" started-at="2023-05-17T12:33:59 IST" name="afterClass" finished-at="2023-05-17T12:33:59 IST" duration-ms="142" status="PASS">
          <reporter-output>
          </reporter-output>
        </test-method> <!-- afterClass -->
      </class> <!-- com.mohs10.Report.PDFReportTest -->
    </test> <!-- PDFReport -->
  </suite> <!-- Suite -->
</testng-results>
